
{"level":"info","message":"Server is running on port 3000"}
{"level":"info","message":"Connected to the database"}
{"level":"info","message":"Game result logged: User ID 62, Result 30, Level easy, Category Animals"}
{"level":"info","message":"Server is running on port 3000"}
{"level":"error","message":"Database connection failed: Error: ER_ACCESS_DENIED_ERROR: Access denied 
{"level":"info","message":"Server is running on port 3000"}
{"level":"info","message":"Connected to the database"}
{"level":"info","message":"Server is running on port 3000"}
{"level":"info","message":"Connected to the database"}
{"level":"info","message":"Game result logged: User ID 2, Result 10, Level easy, Category Fruits"}
{"level":"info","message":"Server is running on port 3000"}
{"level":"error","message":"Database connection failed: Error: ER_ACCESS_DENIED_ERROR: Access denied for user 'root'@'localhost' (using password: YES)\n    at Sequence._packetToError (C:\\xampp\\htdocs\\hangman3\\public\\js\\node_modules\\mysql\\lib\\protocol\\sequences\\Sequence.js:47:14)\n    at Handshake.ErrorPacket (C:\\xampp\\htdocs\\hangman3\\public\\js\\node_modules\\mysql\\lib\\protocol\\sequences\\Handshake.js:123:18)\n    at Protocol._parsePacket (C:\\xampp\\htdocs\\hangman3\\public\\js\\node_modules\\mysql\\lib\\protocol\\Protocol.js:291:23)\n    at Parser._parsePacket (C:\\xampp\\htdocs\\hangman3\\public\\js\\node_modules\\mysql\\lib\\protocol\\Parser.js:433:10)\n    at Parser.write (C:\\xampp\\htdocs\\hangman3\\public\\js\\node_modules\\mysql\\lib\\protocol\\Parser.js:43:10)\n    at Protocol.write (C:\\xampp\\htdocs\\hangman3\\public\\js\\node_modules\\mysql\\lib\\protocol\\Protocol.js:38:16)\n    at Socket.<anonymous> (C:\\xampp\\htdocs\\hangman3\\public\\js\\node_modules\\mysql\\lib\\Connection.js:88:28)\n    at Socket.<anonymous> (C:\\xampp\\htdocs\\hangman3\\public\\js\\node_modules\\mysql\\lib\\Connection.js:526:10)\n    at Socket.emit (node:events:514:28)\n    at addChunk (node:internal/streams/readable:376:12)\n    --------------------\n    at Protocol._enqueue (C:\\xampp\\htdocs\\hangman3\\public\\js\\node_modules\\mysql\\lib\\protocol\\Protocol.js:144:48)\n    at Protocol.handshake (C:\\xampp\\htdocs\\hangman3\\public\\js\\node_modules\\mysql\\lib\\protocol\\Protocol.js:51:23)\n    at Connection.connect (C:\\xampp\\htdocs\\hangman3\\public\\js\\node_modules\\mysql\\lib\\Connection.js:116:18)\n    at Object.<anonymous> (C:\\xampp\\htdocs\\hangman3\\public\\js\\server.js:24:4)\n    at Module._compile (node:internal/modules/cjs/loader:1241:14)\n    at Module._extensions..js (node:internal/modules/cjs/loader:1295:10)\n    at Module.load (node:internal/modules/cjs/loader:1091:32)\n    at Module._load (node:internal/modules/cjs/loader:938:12)\n    at Function.executeUserEntryPoint [as runMain] (node:internal/modules/run_main:83:12)\n    at node:internal/main/run_main_module:23:47"}
{"level":"info","message":"Server is running on port 3000"}
{"level":"error","message":"Database connection failed: Error: ER_ACCESS_DENIED_ERROR: Access denied for user 'root'@'localhost' (using password: YES)\n    at Sequence._packetToError (C:\\xampp\\htdocs\\hangman3\\public\\js\\node_modules\\mysql\\lib\\protocol\\sequences\\Sequence.js:47:14)\n    at Handshake.ErrorPacket (C:\\xampp\\htdocs\\hangman3\\public\\js\\node_modules\\mysql\\lib\\protocol\\sequences\\Handshake.js:123:18)\n    at Protocol._parsePacket (C:\\xampp\\htdocs\\hangman3\\public\\js\\node_modules\\mysql\\lib\\protocol\\Protocol.js:291:23)\n    at Parser._parsePacket (C:\\xampp\\htdocs\\hangman3\\public\\js\\node_modules\\mysql\\lib\\protocol\\Parser.js:433:10)\n    at Parser.write (C:\\xampp\\htdocs\\hangman3\\public\\js\\node_modules\\mysql\\lib\\protocol\\Parser.js:43:10)\n    at Protocol.write (C:\\xampp\\htdocs\\hangman3\\public\\js\\node_modules\\mysql\\lib\\protocol\\Protocol.js:38:16)\n    at Socket.<anonymous> (C:\\xampp\\htdocs\\hangman3\\public\\js\\node_modules\\mysql\\lib\\Connection.js:88:28)\n    at Socket.<anonymous> (C:\\xampp\\htdocs\\hangman3\\public\\js\\node_modules\\mysql\\lib\\Connection.js:526:10)\n    at Socket.emit (node:events:514:28)\n    at addChunk (node:internal/streams/readable:376:12)\n    --------------------\n    at Protocol._enqueue (C:\\xampp\\htdocs\\hangman3\\public\\js\\node_modules\\mysql\\lib\\protocol\\Protocol.js:144:48)\n    at Protocol.handshake (C:\\xampp\\htdocs\\hangman3\\public\\js\\node_modules\\mysql\\lib\\protocol\\Protocol.js:51:23)\n    at Connection.connect (C:\\xampp\\htdocs\\hangman3\\public\\js\\node_modules\\mysql\\lib\\Connection.js:116:18)\n    at Object.<anonymous> (C:\\xampp\\htdocs\\hangman3\\public\\js\\server.js:24:4)\n    at Module._compile (node:internal/modules/cjs/loader:1241:14)\n    at Module._extensions..js (node:internal/modules/cjs/loader:1295:10)\n    at Module.load (node:internal/modules/cjs/loader:1091:32)\n    at Module._load (node:internal/modules/cjs/loader:938:12)\n    at Function.executeUserEntryPoint [as runMain] (node:internal/modules/run_main:83:12)\n    at node:internal/main/run_main_module:23:47"}
{"level":"info","message":"Server is running on port 3000"}
{"level":"info","message":"Connected to the database"}
{"level":"info","message":"Server is running on port 3000"}
{"level":"info","message":"Connected to the database"}
{"level":"info","message":"Game result logged: User ID 2, Result 10, Level Easy, Category Animals"}
{"level":"info","message":"Game result logged: User ID 2, Result 10, Level Easy, Category Animals"}
{"level":"info","message":"Game result logged: User ID 2, Result 75, Level Medium, Category Colors"}
